app/build/outputs/mapping/release/seeds.txt
io.github.meko123456.zari.call.RecordingService
io.github.meko123456.zari.call.PhoneStateReceiver
io.github.meko123456.zari.ui.RecordingsViewModel
io.github.meko123456.zari.ui.MainActivity
io.github.meko123456.zari.call.PhoneState: io.github.meko123456.zari.call.PhoneState valueOf(java.lang.String)
io.github.meko123456.zari.call.PhoneState: io.github.meko123456.zari.call.PhoneState[] values()
io.github.meko123456.zari.call.AudioSourceUsed: io.github.meko123456.zari.call.AudioSourceUsed valueOf(java.lang.String)
io.github.meko123456.zari.ui.MainActivity: MainActivity()
io.github.meko123456.zari.call.CallDirection: io.github.meko123456.zari.call.CallDirection valueOf(java.lang.String)
io.github.meko123456.zari.ui.RecordingsViewModel: RecordingsViewModel(android.app.Application)
io.github.meko123456.zari.call.CallDirection: io.github.meko123456.zari.call.CallDirection[] values()
io.github.meko123456.zari.call.PhoneStateReceiver: PhoneStateReceiver()
io.github.meko123456.zari.call.RecordingService: RecordingService()
io.github.meko123456.zari.call.AudioSourceUsed: io.github.meko123456.zari.call.AudioSourceUsed[] values()
...
androidx.window.layout.adapter.sidecar.DistinctElementSidecarCallback: void onWindowLayoutChanged(android.os.IBinder,androidx.window.sidecar.SidecarWindowLayoutInfo)
androidx.lifecycle.ReportFragment$LifecycleCallbacks: void onActivityResumed(android.app.Activity)
androidx.compose.ui.platform.AndroidComposeView: boolean getComposeViewContextIncrementedDuringInit$ui()
androidx.core.view.WindowInsetsCompat$BuilderImpl20: androidx.core.view.WindowInsetsCompat build()
androidx.compose.runtime.Recomposer$State: androidx.compose.runtime.Recomposer$State[] values()
androidx.core.view.WindowInsetsCompat$Impl35: WindowInsetsCompat$Impl35(androidx.core.view.WindowInsetsCompat,androidx.core.view.WindowInsetsCompat$Impl35)
androidx.lifecycle.EmptyActivityLifecycleCallbacks: void onActivityStarted(android.app.Activity)
androidx.lifecycle.ReportFragment: ReportFragment()
androidx.lifecycle.ReportFragment$LifecycleCallbacks: void onActivityPreStopped(android.app.Activity)
androidx.compose.ui.platform.AndroidComposeView: androidx.compose.ui.semantics.SemanticsOwner getSemanticsOwner()
androidx.lifecycle.ProcessLifecycleOwner$attach$1$onActivityPreCreated$1: ProcessLifecycleOwner$attach$1$onActivityPreCreated$1(androidx.lifecycle.ProcessLifecycleOwner)
androidx.compose.runtime.collection.MutableVectorKt: void throwListIndexOutOfBoundsException(int,int)
androidx.core.view.WindowInsetsCompat$Impl20: void setOverriddenInsets(androidx.core.graphics.Insets[])
androidx.core.view.WindowInsetsCompat$Impl20: void setRootWindowInsets(androidx.core.view.WindowInsetsCompat)
androidx.compose.ui.platform.AndroidComposeView: androidx.compose.ui.platform.AndroidClipboard getClipboard()
androidx.compose.ui.graphics.Path$Direction: androidx.compose.ui.graphics.Path$Direction[] values()
androidx.lifecycle.ProcessLifecycleOwner$attach$1: void onActivityStopped(android.app.Activity)
androidx.compose.material3.ScaffoldLayoutContent: androidx.compose.material3.ScaffoldLayoutContent valueOf(java.lang.String)
androidx.compose.ui.autofill.AutofillType: androidx.compose.ui.autofill.AutofillType valueOf(java.lang.String)
androidx.compose.ui.platform.AbstractComposeView: void setPreviousAttachedWindowToken(android.os.IBinder)
androidx.compose.ui.util.ListUtilsKt: void throwUnsupportedOperationException(java.lang.String)
androidx.core.view.WindowInsetsCompat$Impl28: boolean equals(java.lang.Object)
androidx.compose.ui.platform.ComposeView: boolean getShouldCreateCompositionOnAttachedToWindow()
androidx.lifecycle.ProcessLifecycleOwner$attach$1: void onActivityPreCreated(android.app.Activity,android.os.Bundle)
androidx.compose.ui.platform.AndroidComposeView: androidx.compose.ui.platform.WindowInfo getWindowInfo()
androidx.compose.ui.platform.AndroidComposeView: androidx.compose.ui.platform.AndroidComposeView$ViewTreeOwners getViewTreeOwners()
androidx.core.view.WindowInsetsCompat$Impl20: androidx.core.graphics.Insets getInsetsIgnoringVisibility(int)
androidx.core.view.WindowInsetsCompat$BuilderImpl35: WindowInsetsCompat$BuilderImpl35()
androidx.core.view.WindowInsetsCompat$BuilderImpl35: void initTypeBoundingRects(androidx.core.view.WindowInsetsCompat)
androidx.compose.ui.graphics.Path$Direction: androidx.compose.ui.graphics.Path$Direction valueOf(java.lang.String)
androidx.compose.ui.platform.AndroidComposeView: androidx.compose.ui.platform.TextToolbar getTextToolbar()
androidx.compose.animation.core.MutatePriority: androidx.compose.animation.core.MutatePriority[] values()
androidx.lifecycle.ReportFragment$LifecycleCallbacks: void onActivityPaused(android.app.Activity)
androidx.compose.ui.platform.AbstractComposeView: void setComposeViewContext$ui(androidx.compose.ui.platform.ComposeViewContext)
androidx.core.content.FileProvider: FileProvider(int)
androidx.lifecycle.EmptyActivityLifecycleCallbacks: void onActivityStopped(android.app.Activity)
androidx.window.layout.adapter.extensions.MulticastConsumer: void accept(androidx.window.extensions.layout.WindowLayoutInfo)