app/build/outputs/mapping/release/mapping.txt
# compiler: R8
# compiler_version: 9.1.31
# min_api: 26
# common_typos_disable
# {"id":"com.android.tools.r8.mapping","version":"2.2"}
# pg_map_id: 636ce7735812b797430eb21146a4c592d980381bf6c7166363bd3302da6e8f9f
# pg_map_hash: SHA-256 16fc29a6509c9fc05ba0d8af9f77d8d507d2ef8ff504372857c3ee7e1fe2141f
io.github.meko123456.zari.call.AudioSourceUsed -> r7:
# {"id":"sourceFile","fileName":"CallRecorder.kt"}
    io.github.meko123456.zari.call.AudioSourceUsed VOICE_CALL -> e
      # {"id":"com.android.tools.r8.residualsignature","signature":"Lr7;"}
    io.github.meko123456.zari.call.AudioSourceUsed VOICE_COMMUNICATION -> f
      # {"id":"com.android.tools.r8.residualsignature","signature":"Lr7;"}
    io.github.meko123456.zari.call.AudioSourceUsed MIC -> g
      # {"id":"com.android.tools.r8.residualsignature","signature":"Lr7;"}
    io.github.meko123456.zari.call.AudioSourceUsed NONE -> h
      # {"id":"com.android.tools.r8.residualsignature","signature":"Lr7;"}
    io.github.meko123456.zari.call.AudioSourceUsed[] $VALUES -> i
      # {"id":"com.android.tools.r8.residualsignature","signature":"[Lr7;"}
    1:5:void <clinit>():10:10 -> <clinit>
    6:8:void <init>(java.lang.String,int):10:10 -> <clinit>
    6:8:void <clinit>():10 -> <clinit>
    9:15:void <clinit>():10:10 -> <clinit>
    16:18:void <init>(java.lang.String,int):10:10 -> <clinit>
    16:18:void <clinit>():10 -> <clinit>
    19:25:void <clinit>():10:10 -> <clinit>
    26:28:void <init>(java.lang.String,int):10:10 -> <clinit>
    26:28:void <clinit>():10 -> <clinit>
    29:35:void <clinit>():10:10 -> <clinit>
    36:38:void <init>(java.lang.String,int):10:10 -> <clinit>
    36:38:void <clinit>():10 -> <clinit>
    39:40:void <clinit>():10:10 -> <clinit>
io.github.meko123456.zari.call.CallAction$Discard -> ja:
# {"id":"sourceFile","fileName":"CallMonitor.kt"}
    long atMillis -> a
    1:6:void <init>(long):20:20 -> <init>
    5:22:boolean equals(java.lang.Object):0:0 -> equals
    1:7:int hashCode():0:0 -> hashCode
    1:22:java.lang.String toString():0:0 -> toString
io.github.meko123456.zari.call.CallAction$Start -> ka:
# {"id":"sourceFile","fileName":"CallMonitor.kt"}
    io.github.meko123456.zari.call.CallDirection direction -> a
      # {"id":"com.android.tools.r8.residualsignature","signature":"Lma;"}
    long atMillis -> b
    1:8:void <init>(io.github.meko123456.zari.call.CallDirection,long):11:11 -> <init>
      # {"id":"com.android.tools.r8.residualsignature","signature":"(Lma;J)V"}
    4:29:boolean equals(java.lang.Object):0:0 -> equals
    1:16:int hashCode():0:0 -> hashCode
    1:32:java.lang.String toString():0:0 -> toString
io.github.meko123456.zari.call.CallAction$Stop -> la:
# {"id":"sourceFile","fileName":"CallMonitor.kt"}
    long atMillis -> a
    1:6:void <init>(long):14:14 -> <init>
    5:22:boolean equals(java.lang.Object):0:0 -> equals
    1:7:int hashCode():0:0 -> hashCode
    1:22:java.lang.String toString():0:0 -> toString
...
androidx.compose.foundation.MutatePriority -> e80:
# {"id":"sourceFile","fileName":"MutatorMutex.kt"}
    androidx.compose.foundation.MutatePriority Default -> e
      # {"id":"com.android.tools.r8.residualsignature","signature":"Le80;"}
    androidx.compose.foundation.MutatePriority UserInput -> f
      # {"id":"com.android.tools.r8.residualsignature","signature":"Le80;"}
    androidx.compose.foundation.MutatePriority[] $VALUES -> g
      # {"id":"com.android.tools.r8.residualsignature","signature":"[Le80;"}
    1:5:void <clinit>():40:40 -> <clinit>
    6:8:void <init>(java.lang.String,int):34:34 -> <clinit>
    6:8:void <clinit>():40 -> <clinit>
    9:10:void <clinit>():40:40 -> <clinit>
    11:15:void <clinit>():46:46 -> <clinit>
    16:18:void <init>(java.lang.String,int):34:34 -> <clinit>
    16:18:void <clinit>():46 -> <clinit>
    19:20:void <clinit>():46:46 -> <clinit>
    21:25:void <clinit>():53:53 -> <clinit>
    26:28:void <init>(java.lang.String,int):34:34 -> <clinit>
    26:28:void <clinit>():53 -> <clinit>
    29:32:androidx.compose.foundation.MutatePriority[] $values():0:0 -> <clinit>
    29:32:void <clinit>():53 -> <clinit>
    33:35:void <clinit>():53:53 -> <clinit>
    1:9:androidx.compose.foundation.MutatePriority valueOf(java.lang.String):0:0 -> valueOf
      # {"id":"com.android.tools.r8.residualsignature","signature":"(Ljava/lang/String;)Le80;"}
    1:9:androidx.compose.foundation.MutatePriority[] values():0:0 -> values
androidx.compose.foundation.MutatorMutex -> k80:
# {"id":"sourceFile","fileName":"MutatorMutex.kt"}
    java.util.concurrent.atomic.AtomicReference currentMutator -> a
    kotlinx.coroutines.sync.Mutex mutex -> b
      # {"id":"com.android.tools.r8.residualsignature","signature":"Ln80;"}
    1:3:void <init>():79:79 -> <init>
    4:11:void <init>():87:87 -> <init>
    12:16:kotlinx.coroutines.sync.Mutex kotlinx.coroutines.sync.MutexKt.Mutex(boolean):106:106 -> <init>
    12:16:kotlinx.coroutines.sync.Mutex kotlinx.coroutines.sync.MutexKt.Mutex$default(boolean,int,java.lang.Object):104 -> <init>
    12:16:void <init>():88 -> <init>
    17:19:void <init>():88:88 -> <init>
androidx.compose.foundation.MutatorMutex$Mutator -> g80:
# {"id":"sourceFile","fileName":"MutatorMutex.kt"}
    androidx.compose.foundation.MutatePriority priority -> a
      # {"id":"com.android.tools.r8.residualsignature","signature":"Le80;"}
    kotlinx.coroutines.Job job -> b
      # {"id":"com.android.tools.r8.residualsignature","signature":"Lrx;"}
    1:8:void <init>(androidx.compose.foundation.MutatePriority,kotlinx.coroutines.Job):81:81 -> <init>
      # {"id":"com.android.tools.r8.residualsignature","signature":"(Le80;Lrx;)V"}