app/build/outputs/mapping/release/usage.txt
io.github.meko123456.zari.R$color
io.github.meko123456.zari.R$drawable
io.github.meko123456.zari.R$mipmap
io.github.meko123456.zari.R$string
io.github.meko123456.zari.R$style
io.github.meko123456.zari.R$xml
io.github.meko123456.zari.R
io.github.meko123456.zari.call.AudioSourceUsed:
    private static final synthetic kotlin.enums.EnumEntries $ENTRIES
    public static kotlin.enums.EnumEntries getEntries()
io.github.meko123456.zari.call.CallAction$Discard:
    public static final int $stable
    public final long component1()
    public final io.github.meko123456.zari.call.CallAction$Discard copy(long)
    public static synthetic io.github.meko123456.zari.call.CallAction$Discard copy$default(io.github.meko123456.zari.call.CallAction$Discard,long,int,java.lang.Object)
    public final long getAtMillis()
io.github.meko123456.zari.call.CallAction$Start:
    public static final int $stable
    public final io.github.meko123456.zari.call.CallDirection component1()
    public final long component2()
    public final io.github.meko123456.zari.call.CallAction$Start copy(io.github.meko123456.zari.call.CallDirection,long)
    public static synthetic io.github.meko123456.zari.call.CallAction$Start copy$default(io.github.meko123456.zari.call.CallAction$Start,io.github.meko123456.zari.call.CallDirection,long,int,java.lang.Object)
io.github.meko123456.zari.call.CallAction$Stop:
    public static final int $stable
    public final long component1()
    public final io.github.meko123456.zari.call.CallAction$Stop copy(long)
    public static synthetic io.github.meko123456.zari.call.CallAction$Stop copy$default(io.github.meko123456.zari.call.CallAction$Stop,long,int,java.lang.Object)
    public final long getAtMillis()
io.github.meko123456.zari.call.CallDirection:
    private static final synthetic kotlin.enums.EnumEntries $ENTRIES
    public static kotlin.enums.EnumEntries getEntries()
io.github.meko123456.zari.call.CallMonitor:
    public static final int $stable
    public final io.github.meko123456.zari.call.PhoneState getState()
    public final boolean isRecording()
    public final void reset()
io.github.meko123456.zari.call.CallRecorder$Companion:
    public final java.util.List getSOURCES()
io.github.meko123456.zari.call.CallRecorder:
    public static final int $stable
    public static final int BIT_RATE
    private static final io.github.meko123456.zari.call.CallRecorder$Companion Companion
    public static final int SAMPLE_RATE
    public static final java.lang.String TAG
    public static final synthetic java.util.List access$getSOURCES$cp()
io.github.meko123456.zari.call.CallerInfo:
    public static final int $stable
    public final java.lang.String component1()
    public final io.github.meko123456.zari.call.CallDirection component2()
    public final java.lang.Long component3()
    public final java.lang.String component4()
    public final io.github.meko123456.zari.call.CallerInfo copy(java.lang.String,io.github.meko123456.zari.call.CallDirection,java.lang.Long,java.lang.String)
    public static synthetic io.github.meko123456.zari.call.CallerInfo copy$default(io.github.meko123456.zari.call.CallerInfo,java.lang.String,io.github.meko123456.zari.call.CallDirection,java.lang.Long,java.lang.String,int,java.lang.Object)
    public final java.lang.Long getNetworkDurationSeconds()
io.github.meko123456.zari.call.CallerResolver:
    public static final int $stable
    public static final long CLOCK_SLACK_MILLIS
    private static final io.github.meko123456.zari.call.CallerResolver$Companion Companion
io.github.meko123456.zari.call.PhoneState:
    private static final synthetic kotlin.enums.EnumEntries $ENTRIES
    public static kotlin.enums.EnumEntries getEntries()
io.github.meko123456.zari.call.PhoneStateReceiver:
    public static final int $stable
    private static final io.github.meko123456.zari.call.PhoneStateReceiver$Companion Companion
    public static final java.lang.String TAG
...
kotlinx.coroutines.flow.FlowKt__TransformKt$runningReduce$1$1
kotlinx.coroutines.flow.FlowKt__TransformKt$withIndex$$inlined$unsafeFlow$1
kotlinx.coroutines.flow.FlowKt__TransformKt$withIndex$1$1$emit$1
kotlinx.coroutines.flow.FlowKt__TransformKt$withIndex$1$1
kotlinx.coroutines.flow.FlowKt__TransformKt
kotlinx.coroutines.flow.FlowKt__ZipKt$combine$$inlined$combineUnsafe$FlowKt__ZipKt$1$2
kotlinx.coroutines.flow.FlowKt__ZipKt$combine$$inlined$combineUnsafe$FlowKt__ZipKt$1
kotlinx.coroutines.flow.FlowKt__ZipKt$combine$$inlined$combineUnsafe$FlowKt__ZipKt$2$2
kotlinx.coroutines.flow.FlowKt__ZipKt$combine$$inlined$combineUnsafe$FlowKt__ZipKt$2
kotlinx.coroutines.flow.FlowKt__ZipKt$combine$$inlined$combineUnsafe$FlowKt__ZipKt$3$2
kotlinx.coroutines.flow.FlowKt__ZipKt$combine$$inlined$combineUnsafe$FlowKt__ZipKt$3
kotlinx.coroutines.flow.FlowKt__ZipKt$combine$$inlined$unsafeFlow$1
kotlinx.coroutines.flow.FlowKt__ZipKt$combine$$inlined$unsafeFlow$2$1
kotlinx.coroutines.flow.FlowKt__ZipKt$combine$$inlined$unsafeFlow$2
kotlinx.coroutines.flow.FlowKt__ZipKt$combine$$inlined$unsafeFlow$3$1
kotlinx.coroutines.flow.FlowKt__ZipKt$combine$$inlined$unsafeFlow$3
kotlinx.coroutines.flow.FlowKt__ZipKt$combine$1$1
kotlinx.coroutines.flow.FlowKt__ZipKt$combine$5$1
kotlinx.coroutines.flow.FlowKt__ZipKt$combine$5$2
kotlinx.coroutines.flow.FlowKt__ZipKt$combine$6$1
kotlinx.coroutines.flow.FlowKt__ZipKt$combine$6$2
kotlinx.coroutines.flow.FlowKt__ZipKt$combineTransform$$inlined$combineTransformUnsafe$FlowKt__ZipKt$1$1
kotlinx.coroutines.flow.FlowKt__ZipKt$combineTransform$$inlined$combineTransformUnsafe$FlowKt__ZipKt$1
kotlinx.coroutines.flow.FlowKt__ZipKt$combineTransform$$inlined$combineTransformUnsafe$FlowKt__ZipKt$2$1
kotlinx.coroutines.flow.FlowKt__ZipKt$combineTransform$$inlined$combineTransformUnsafe$FlowKt__ZipKt$2
kotlinx.coroutines.flow.FlowKt__ZipKt$combineTransform$$inlined$combineTransformUnsafe$FlowKt__ZipKt$3$1
kotlinx.coroutines.flow.FlowKt__ZipKt$combineTransform$$inlined$combineTransformUnsafe$FlowKt__ZipKt$3
kotlinx.coroutines.flow.FlowKt__ZipKt$combineTransform$$inlined$combineTransformUnsafe$FlowKt__ZipKt$4$1
kotlinx.coroutines.flow.FlowKt__ZipKt$combineTransform$$inlined$combineTransformUnsafe$FlowKt__ZipKt$4
kotlinx.coroutines.flow.FlowKt__ZipKt$combineTransform$$inlined$combineTransformUnsafe$FlowKt__ZipKt$5$1
kotlinx.coroutines.flow.FlowKt__ZipKt$combineTransform$$inlined$combineTransformUnsafe$FlowKt__ZipKt$5
kotlinx.coroutines.flow.FlowKt__ZipKt$combineTransform$6$1
kotlinx.coroutines.flow.FlowKt__ZipKt$combineTransform$6$2
kotlinx.coroutines.flow.FlowKt__ZipKt$combineTransform$6
kotlinx.coroutines.flow.FlowKt__ZipKt$combineTransform$7$1
kotlinx.coroutines.flow.FlowKt__ZipKt$combineTransform$7$2
kotlinx.coroutines.flow.FlowKt__ZipKt$combineTransform$7
kotlinx.coroutines.flow.FlowKt__ZipKt$combineTransformUnsafe$1$1
kotlinx.coroutines.flow.FlowKt__ZipKt$combineTransformUnsafe$1
kotlinx.coroutines.flow.FlowKt__ZipKt$combineUnsafe$$inlined$unsafeFlow$1$1
kotlinx.coroutines.flow.FlowKt__ZipKt$combineUnsafe$$inlined$unsafeFlow$1
kotlinx.coroutines.flow.FlowKt__ZipKt$combineUnsafe$1$1
kotlinx.coroutines.flow.FlowKt__ZipKt$nullArrayFactory$1
kotlinx.coroutines.flow.FlowKt__ZipKt
kotlinx.coroutines.flow.LintKt$retry$1
kotlinx.coroutines.flow.LintKt
kotlinx.coroutines.flow.ReadonlySharedFlow
kotlinx.coroutines.flow.ReadonlyStateFlow:
    private final kotlinx.coroutines.Job job
    public java.util.List getReplayCache()
kotlinx.coroutines.flow.SharedFlow:
    public abstract java.util.List getReplayCache()